class-07-handling-user-input/app/build/intermediates/manifest_merge_blame_file/debug/processDebugMainManifest/manifest-merger-blame-debug-report.txt
1<?xml version="1.0" encoding="utf-8"?>
2<manifest xmlns:android="http://schemas.android.com/apk/res/android"
3    package="com.harbourspace.unsplash"
4    android:versionCode="1"
5    android:versionName="1.0" >
6
7    <uses-sdk
7-->INJECTED
8        android:minSdkVersion="24"
8-->INJECTED
9        android:targetSdkVersion="36" />
9-->INJECTED
10
11    <uses-permission android:name="android.permission.INTERNET" />
11-->src/main/AndroidManifest.xml:5:3-65
11-->src/main/AndroidManifest.xml:5:20-62
12
13    <permission
13-->[androidx.core:core:1.19.0] AndroidManifest.xml:22:5-24:47
14        android:name="com.harbourspace.unsplash.DYNAMIC_RECEIVER_NOT_EXPORTED_PERMISSION"
14-->[androidx.core:core:1.19.0] AndroidManifest.xml:23:9-81
15        android:protectionLevel="signature" />
15-->[androidx.core:core:1.19.0] AndroidManifest.xml:24:9-44
16
17    <uses-permission android:name="com.harbourspace.unsplash.DYNAMIC_RECEIVER_NOT_EXPORTED_PERMISSION" />
17-->[androidx.core:core:1.19.0] AndroidManifest.xml:26:5-97
17-->[androidx.core:core:1.19.0] AndroidManifest.xml:26:22-94
18
19    <application
19-->src/main/AndroidManifest.xml:7:3-33:17
20        android:allowBackup="true"
20-->src/main/AndroidManifest.xml:8:5-31
21        android:appComponentFactory="androidx.core.app.CoreComponentFactory"
21-->[androidx.core:core:1.19.0] AndroidManifest.xml:28:18-86
22        android:dataExtractionRules="@xml/data_extraction_rules"
22-->src/main/AndroidManifest.xml:9:5-61
23        android:debuggable="true"
24        android:extractNativeLibs="false"
24-->INJECTED
25        android:fullBackupContent="@xml/backup_rules"
25-->src/main/AndroidManifest.xml:10:5-50
26        android:icon="@mipmap/ic_launcher"
26-->src/main/AndroidManifest.xml:11:5-39
27        android:label="@string/app_name"
27-->src/main/AndroidManifest.xml:12:5-37
28        android:roundIcon="@mipmap/ic_launcher_round"
28-->src/main/AndroidManifest.xml:13:5-50
29        android:supportsRtl="true"
29-->src/main/AndroidManifest.xml:14:5-31
30        android:testOnly="true"
31        android:theme="@style/Theme.Unsplash" >
31-->src/main/AndroidManifest.xml:15:5-42
32        <activity
32-->src/main/AndroidManifest.xml:16:5-27:16
33            android:name="com.harbourspace.unsplash.MainActivity"
33-->src/main/AndroidManifest.xml:17:7-35
34            android:exported="true"
34-->src/main/AndroidManifest.xml:18:7-30
35            android:label="@string/app_name"
35-->src/main/AndroidManifest.xml:19:7-39
36            android:theme="@style/Theme.Unsplash"
36-->src/main/AndroidManifest.xml:20:7-44
37            android:windowSoftInputMode="adjustResize" >
37-->src/main/AndroidManifest.xml:21:7-49
38            <intent-filter>
38-->src/main/AndroidManifest.xml:22:7-26:23
39                <action android:name="android.intent.action.MAIN" />
39-->src/main/AndroidManifest.xml:23:9-61
39-->src/main/AndroidManifest.xml:23:17-58
40
41                <category android:name="android.intent.category.LAUNCHER" />
41-->src/main/AndroidManifest.xml:25:9-69
41-->src/main/AndroidManifest.xml:25:19-66
42            </intent-filter>
43        </activity>
44        <activity android:name="com.harbourspace.unsplash.DetailsActivity" />
44-->src/main/AndroidManifest.xml:29:5-48
44-->src/main/AndroidManifest.xml:29:15-46
45        <activity android:name="com.harbourspace.unsplash.ImageActivity" />
45-->src/main/AndroidManifest.xml:31:5-46
45-->src/main/AndroidManifest.xml:31:15-44
46        <activity
46-->[androidx.compose.ui:ui-tooling-android:1.11.2] AndroidManifest.xml:23:9-25:39
47            android:name="androidx.compose.ui.tooling.PreviewActivity"
47-->[androidx.compose.ui:ui-tooling-android:1.11.2] AndroidManifest.xml:24:13-71
48            android:exported="true" />
48-->[androidx.compose.ui:ui-tooling-android:1.11.2] AndroidManifest.xml:25:13-36
49        <activity
49-->[androidx.compose.ui:ui-test-manifest:1.11.2] AndroidManifest.xml:23:9-26:79
50            android:name="androidx.activity.ComponentActivity"
50-->[androidx.compose.ui:ui-test-manifest:1.11.2] AndroidManifest.xml:24:13-63
51            android:exported="true"
51-->[androidx.compose.ui:ui-test-manifest:1.11.2] AndroidManifest.xml:25:13-36
52            android:theme="@android:style/Theme.Material.Light.NoActionBar" />
52-->[androidx.compose.ui:ui-test-manifest:1.11.2] AndroidManifest.xml:26:13-76
53
54        <uses-library
54-->[androidx.window:window:1.5.0] AndroidManifest.xml:23:9-25:40
55            android:name="androidx.window.extensions"
55-->[androidx.window:window:1.5.0] AndroidManifest.xml:24:13-54
56            android:required="false" />
56-->[androidx.window:window:1.5.0] AndroidManifest.xml:25:13-37
57        <uses-library
57-->[androidx.window:window:1.5.0] AndroidManifest.xml:26:9-28:40
58            android:name="androidx.window.sidecar"
58-->[androidx.window:window:1.5.0] AndroidManifest.xml:27:13-51
59            android:required="false" />
59-->[androidx.window:window:1.5.0] AndroidManifest.xml:28:13-37
60
61        <provider
61-->[androidx.emoji2:emoji2:1.4.0] AndroidManifest.xml:24:9-32:20
62            android:name="androidx.startup.InitializationProvider"
62-->[androidx.emoji2:emoji2:1.4.0] AndroidManifest.xml:25:13-67
63            android:authorities="com.harbourspace.unsplash.androidx-startup"
63-->[androidx.emoji2:emoji2:1.4.0] AndroidManifest.xml:26:13-68
64            android:exported="false" >
64-->[androidx.emoji2:emoji2:1.4.0] AndroidManifest.xml:27:13-37
65            <meta-data
65-->[androidx.emoji2:emoji2:1.4.0] AndroidManifest.xml:29:13-31:52
66                android:name="androidx.emoji2.text.EmojiCompatInitializer"
66-->[androidx.emoji2:emoji2:1.4.0] AndroidManifest.xml:30:17-75
67                android:value="androidx.startup" />
67-->[androidx.emoji2:emoji2:1.4.0] AndroidManifest.xml:31:17-49
68            <meta-data
68-->[androidx.lifecycle:lifecycle-process:2.10.0] AndroidManifest.xml:29:13-31:52
69                android:name="androidx.lifecycle.ProcessLifecycleInitializer"
69-->[androidx.lifecycle:lifecycle-process:2.10.0] AndroidManifest.xml:30:17-78
70                android:value="androidx.startup" />
70-->[androidx.lifecycle:lifecycle-process:2.10.0] AndroidManifest.xml:31:17-49
71            <meta-data
71-->[com.squareup.okhttp3:okhttp-android:5.4.0] AndroidManifest.xml:16:13-18:52
72                android:name="okhttp3.internal.platform.PlatformInitializer"
72-->[com.squareup.okhttp3:okhttp-android:5.4.0] AndroidManifest.xml:17:17-77
73                android:value="androidx.startup" />
73-->[com.squareup.okhttp3:okhttp-android:5.4.0] AndroidManifest.xml:18:17-49
74            <meta-data
74-->[androidx.profileinstaller:profileinstaller:1.4.1] AndroidManifest.xml:29:13-31:52
75                android:name="androidx.profileinstaller.ProfileInstallerInitializer"
75-->[androidx.profileinstaller:profileinstaller:1.4.1] AndroidManifest.xml:30:17-85
76                android:value="androidx.startup" />
76-->[androidx.profileinstaller:profileinstaller:1.4.1] AndroidManifest.xml:31:17-49
77        </provider>
78
79        <receiver
79-->[androidx.profileinstaller:profileinstaller:1.4.1] AndroidManifest.xml:34:9-52:20
80            android:name="androidx.profileinstaller.ProfileInstallReceiver"
80-->[androidx.profileinstaller:profileinstaller:1.4.1] AndroidManifest.xml:35:13-76
81            android:directBootAware="false"
81-->[androidx.profileinstaller:profileinstaller:1.4.1] AndroidManifest.xml:36:13-44
82            android:enabled="true"
82-->[androidx.profileinstaller:profileinstaller:1.4.1] AndroidManifest.xml:37:13-35
83            android:exported="true"
83-->[androidx.profileinstaller:profileinstaller:1.4.1] AndroidManifest.xml:38:13-36
84            android:permission="android.permission.DUMP" >
84-->[androidx.profileinstaller:profileinstaller:1.4.1] AndroidManifest.xml:39:13-57
85            <intent-filter>
85-->[androidx.profileinstaller:profileinstaller:1.4.1] AndroidManifest.xml:40:13-42:29
86                <action android:name="androidx.profileinstaller.action.INSTALL_PROFILE" />
86-->[androidx.profileinstaller:profileinstaller:1.4.1] AndroidManifest.xml:41:17-91
86-->[androidx.profileinstaller:profileinstaller:1.4.1] AndroidManifest.xml:41:25-88
87            </intent-filter>
88            <intent-filter>
88-->[androidx.profileinstaller:profileinstaller:1.4.1] AndroidManifest.xml:43:13-45:29
89                <action android:name="androidx.profileinstaller.action.SKIP_FILE" />
89-->[androidx.profileinstaller:profileinstaller:1.4.1] AndroidManifest.xml:44:17-85
89-->[androidx.profileinstaller:profileinstaller:1.4.1] AndroidManifest.xml:44:25-82
90            </intent-filter>
91            <intent-filter>
91-->[androidx.profileinstaller:profileinstaller:1.4.1] AndroidManifest.xml:46:13-48:29
92                <action android:name="androidx.profileinstaller.action.SAVE_PROFILE" />
92-->[androidx.profileinstaller:profileinstaller:1.4.1] AndroidManifest.xml:47:17-88
92-->[androidx.profileinstaller:profileinstaller:1.4.1] AndroidManifest.xml:47:25-85
93            </intent-filter>
94            <intent-filter>
94-->[androidx.profileinstaller:profileinstaller:1.4.1] AndroidManifest.xml:49:13-51:29
95                <action android:name="androidx.profileinstaller.action.BENCHMARK_OPERATION" />
95-->[androidx.profileinstaller:profileinstaller:1.4.1] AndroidManifest.xml:50:17-95
95-->[androidx.profileinstaller:profileinstaller:1.4.1] AndroidManifest.xml:50:25-92
96            </intent-filter>
97        </receiver>
98    </application>
99
100</manifest>